2025-04-13 14:32:00,640 - OrquestradorBTG - INFO - ================================================================================
2025-04-13 14:32:00,640 - OrquestradorBTG - INFO - INICIANDO ORQUESTRADOR BTG ETL
2025-04-13 14:32:00,640 - OrquestradorBTG - INFO - Tipo: ambos
2025-04-13 14:32:00,640 - OrquestradorBTG - INFO - Data: 1 dias atrás
2025-04-13 14:32:00,640 - OrquestradorBTG - INFO - ================================================================================
2025-04-13 14:32:00,640 - OrquestradorBTG - INFO - ==================================================
2025-04-13 14:32:00,640 - OrquestradorBTG - INFO - INICIANDO PROCESSAMENTO DE CARTEIRA DIÁRIA
2025-04-13 14:32:00,640 - OrquestradorBTG - INFO - ==================================================
2025-04-13 14:32:00,640 - OrquestradorBTG - INFO - Executando: python C:\Users\atrindade\Desktop\SCRIPTS ETL\btg_etl_project\apis\api_faas_portfolio.py --n-days 1
2025-04-13 14:32:39,056 - OrquestradorBTG - INFO - Comando executado com sucesso
2025-04-13 14:32:39,056 - OrquestradorBTG - INFO - MÉTRICA: Total de fundos processados: 36
2025-04-13 14:32:39,095 - OrquestradorBTG - INFO - Utilizando diretório de dados: F:/12. Carteira Diária/BTG/2025/04 Abril/11.04\10.04
2025-04-13 14:32:39,096 - OrquestradorBTG - INFO - MÉTRICA: Encontrados 36 arquivos XLSX para processamento
2025-04-13 14:32:39,096 - OrquestradorBTG - INFO - Executando: python C:\Users\atrindade\Desktop\SCRIPTS ETL\btg_etl_project\insert_db\insert_carteira.py F:/12. Carteira Diária/BTG/2025/04 Abril/11.04\10.04 --auto
2025-04-13 14:33:59,698 - OrquestradorBTG - ERROR - Falha no processamento dos dados de carteira: 
2025-04-13 14:35:37,914 - OrquestradorBTG - INFO - ================================================================================
2025-04-13 14:35:37,914 - OrquestradorBTG - INFO - INICIANDO ORQUESTRADOR BTG ETL
2025-04-13 14:35:37,914 - OrquestradorBTG - INFO - Tipo: carteira
2025-04-13 14:35:37,914 - OrquestradorBTG - INFO - Data: 1 dias atrás
2025-04-13 14:35:37,914 - OrquestradorBTG - INFO - ================================================================================
2025-04-13 14:35:37,914 - OrquestradorBTG - INFO - ==================================================
2025-04-13 14:35:37,914 - OrquestradorBTG - INFO - INICIANDO PROCESSAMENTO DE CARTEIRA DIÁRIA
2025-04-13 14:35:37,914 - OrquestradorBTG - INFO - ==================================================
2025-04-13 14:35:37,914 - OrquestradorBTG - INFO - Executando: python C:\Users\atrindade\Desktop\SCRIPTS ETL\btg_etl_project\apis\api_faas_portfolio.py --n-days 1
2025-04-13 14:36:23,131 - OrquestradorBTG - INFO - Comando executado com sucesso
2025-04-13 14:36:23,131 - OrquestradorBTG - INFO - MÉTRICA: Total de fundos processados: 36
2025-04-13 14:36:23,187 - OrquestradorBTG - INFO - Utilizando diretório de dados: F:/12. Carteira Diária/BTG/2025/04 Abril\10.04
2025-04-13 14:36:23,280 - OrquestradorBTG - INFO - MÉTRICA: Encontrados 36 arquivos XLSX para processamento
2025-04-13 14:36:23,280 - OrquestradorBTG - INFO - Executando: python C:\Users\atrindade\Desktop\SCRIPTS ETL\btg_etl_project\insert_db\insert_carteira.py F:/12. Carteira Diária/BTG/2025/04 Abril\10.04 --auto
2025-04-13 14:39:40,310 - OrquestradorBTG - INFO - Comando executado com sucesso
2025-04-13 14:39:40,311 - OrquestradorBTG - INFO - MÉTRICA: Tempo de execução: 35.72 segundos
2025-04-13 14:39:40,311 - OrquestradorBTG - INFO - MÉTRICA: Total de fundos processados: 36
2025-04-13 14:39:40,311 - OrquestradorBTG - INFO - MÉTRICA: Total de registros processados: 325
2025-04-13 14:39:40,311 - OrquestradorBTG - INFO - MÉTRICA: Total de registros processados: 325
2025-04-13 14:39:40,312 - OrquestradorBTG - INFO - MÉTRICA: Tempo de execução: 8.73 segundos
2025-04-13 14:39:40,312 - OrquestradorBTG - INFO - MÉTRICA: Tempo de execução: 196.48 segundos
2025-04-13 14:39:40,312 - OrquestradorBTG - INFO - ==================================================
2025-04-13 14:39:40,312 - OrquestradorBTG - INFO - PROCESSAMENTO DE CARTEIRA CONCLUÍDO COM SUCESSO
2025-04-13 14:39:40,312 - OrquestradorBTG - INFO - - Data de Referência: 2025-04-10
2025-04-13 14:39:40,312 - OrquestradorBTG - INFO - - Total de Fundos: 36
2025-04-13 14:39:40,312 - OrquestradorBTG - INFO - - Total de Registros Processados: 325
2025-04-13 14:39:40,312 - OrquestradorBTG - INFO - ==================================================
2025-04-13 14:39:40,312 - OrquestradorBTG - INFO - ================================================================================
2025-04-13 14:39:40,313 - OrquestradorBTG - INFO - RESUMO DE MÉTRICAS DO PROCESSAMENTO
2025-04-13 14:39:40,313 - OrquestradorBTG - INFO - ================================================================================
2025-04-13 14:39:40,313 - OrquestradorBTG - INFO - Tipo: CARTEIRA
2025-04-13 14:39:40,313 - OrquestradorBTG - INFO - Data de Referência: 2025-04-10
2025-04-13 14:39:40,313 - OrquestradorBTG - INFO - Extração - Total de Fundos: 36
2025-04-13 14:39:40,313 - OrquestradorBTG - INFO - Processamento - Total de Registros: 325
2025-04-13 14:39:40,313 - OrquestradorBTG - INFO - ----------------------------------------
2025-04-13 14:39:40,314 - OrquestradorBTG - INFO - ================================================================================
2025-04-13 14:39:40,314 - OrquestradorBTG - INFO - ORQUESTRADOR BTG ETL FINALIZADO - Status: SUCESSO
2025-04-13 14:39:40,314 - OrquestradorBTG - INFO - ================================================================================
2025-04-13 14:46:23,433 - OrquestradorBTG - INFO - ================================================================================
2025-04-13 14:46:23,433 - OrquestradorBTG - INFO - INICIANDO ORQUESTRADOR BTG ETL
2025-04-13 14:46:23,433 - OrquestradorBTG - INFO - Tipo: rentabilidade
2025-04-13 14:46:23,433 - OrquestradorBTG - INFO - Data: 2025-04-08
2025-04-13 14:46:23,434 - OrquestradorBTG - INFO - ================================================================================
2025-04-13 14:46:23,434 - OrquestradorBTG - INFO - ==================================================
2025-04-13 14:46:23,434 - OrquestradorBTG - INFO - INICIANDO PROCESSAMENTO DE RENTABILIDADE
2025-04-13 14:46:23,434 - OrquestradorBTG - INFO - ==================================================
2025-04-13 14:46:23,434 - OrquestradorBTG - INFO - Executando: python C:\Users\atrindade\Desktop\SCRIPTS ETL\btg_etl_project\apis\api_faas_rentabilidade.py --date 2025-04-08
2025-04-13 14:46:52,299 - OrquestradorBTG - INFO - Comando executado com sucesso
2025-04-13 14:46:52,300 - OrquestradorBTG - INFO - Utilizando diretório de dados: R:/CataliseInvestimentos/14. BigData Catalise/Staging/Patrimonio\08.04
2025-04-13 14:46:52,342 - OrquestradorBTG - INFO - MÉTRICA: Encontrado 1 arquivo(s) JSON para processamento
2025-04-13 14:46:52,342 - OrquestradorBTG - INFO - Executando: python C:\Users\atrindade\Desktop\SCRIPTS ETL\btg_etl_project\insert_db\insert_rentabilidade.py --json-dir R:/CataliseInvestimentos/14. BigData Catalise/Staging/Patrimonio\08.04 --auto
2025-04-13 14:46:53,769 - OrquestradorBTG - INFO - Comando executado com sucesso
2025-04-13 14:46:53,769 - OrquestradorBTG - INFO - ==================================================
2025-04-13 14:46:53,769 - OrquestradorBTG - INFO - PROCESSAMENTO DE RENTABILIDADE CONCLUÍDO COM SUCESSO
2025-04-13 14:46:53,769 - OrquestradorBTG - INFO - - Data de Referência: 2025-04-08
2025-04-13 14:46:53,769 - OrquestradorBTG - INFO - - Total de Fundos: 0
2025-04-13 14:46:53,769 - OrquestradorBTG - INFO - - Total de Registros Processados: 0
2025-04-13 14:46:53,769 - OrquestradorBTG - INFO - ==================================================
2025-04-13 14:46:53,769 - OrquestradorBTG - INFO - ================================================================================
2025-04-13 14:46:53,769 - OrquestradorBTG - INFO - RESUMO DE MÉTRICAS DO PROCESSAMENTO
2025-04-13 14:46:53,769 - OrquestradorBTG - INFO - ================================================================================
2025-04-13 14:46:53,769 - OrquestradorBTG - INFO - Tipo: RENTABILIDADE
2025-04-13 14:46:53,769 - OrquestradorBTG - INFO - Data de Referência: 2025-04-08
2025-04-13 14:46:53,769 - OrquestradorBTG - INFO - Extração - Total de Fundos: 0
2025-04-13 14:46:53,769 - OrquestradorBTG - INFO - Processamento - Total de Registros: 0
2025-04-13 14:46:53,769 - OrquestradorBTG - INFO - ----------------------------------------
2025-04-13 14:46:53,769 - OrquestradorBTG - INFO - ================================================================================
2025-04-13 14:46:53,769 - OrquestradorBTG - INFO - ORQUESTRADOR BTG ETL FINALIZADO - Status: SUCESSO
2025-04-13 14:46:53,769 - OrquestradorBTG - INFO - ================================================================================
2025-04-13 23:55:19,362 - OrquestradorBTG - INFO - ================================================================================
2025-04-13 23:55:19,362 - OrquestradorBTG - INFO - INICIANDO ORQUESTRADOR BTG ETL
2025-04-13 23:55:19,362 - OrquestradorBTG - INFO - Tipo: carteira
2025-04-13 23:55:19,363 - OrquestradorBTG - INFO - Data: 1 dias atrás
2025-04-13 23:55:19,363 - OrquestradorBTG - INFO - ================================================================================
2025-04-13 23:55:19,363 - OrquestradorBTG - INFO - ==================================================
2025-04-13 23:55:19,363 - OrquestradorBTG - INFO - INICIANDO PROCESSAMENTO DE CARTEIRA DIÁRIA
2025-04-13 23:55:19,363 - OrquestradorBTG - INFO - ==================================================
2025-04-13 23:55:19,363 - OrquestradorBTG - INFO - Executando: python C:\Users\atrindade\Desktop\SCRIPTS ETL\btg_etl_project\apis\api_faas_portfolio.py --n-days 1
2025-04-13 23:55:41,861 - OrquestradorBTG - ERROR - Falha na extração de dados de carteira: 
2025-04-13 23:55:41,861 - OrquestradorBTG - INFO - ================================================================================
2025-04-13 23:55:41,861 - OrquestradorBTG - INFO - RESUMO DE MÉTRICAS DO PROCESSAMENTO
2025-04-13 23:55:41,861 - OrquestradorBTG - INFO - ================================================================================
2025-04-13 23:55:41,861 - OrquestradorBTG - INFO - Tipo: CARTEIRA
2025-04-13 23:56:05,636 - OrquestradorBTG - INFO - ================================================================================
2025-04-13 23:56:05,636 - OrquestradorBTG - INFO - INICIANDO ORQUESTRADOR BTG ETL
2025-04-13 23:56:05,636 - OrquestradorBTG - INFO - Tipo: carteira
2025-04-13 23:56:05,636 - OrquestradorBTG - INFO - Data: 2025-04-11
2025-04-13 23:56:05,651 - OrquestradorBTG - INFO - ================================================================================
2025-04-13 23:56:05,651 - OrquestradorBTG - INFO - ==================================================
2025-04-13 23:56:05,651 - OrquestradorBTG - INFO - INICIANDO PROCESSAMENTO DE CARTEIRA DIÁRIA
2025-04-13 23:56:05,651 - OrquestradorBTG - INFO - ==================================================
2025-04-13 23:56:05,651 - OrquestradorBTG - INFO - Executando: python C:\Users\atrindade\Desktop\SCRIPTS ETL\btg_etl_project\apis\api_faas_portfolio.py --date 2025-04-11
2025-04-13 23:58:06,545 - OrquestradorBTG - ERROR - Falha na extração de dados de carteira: 
2025-04-13 23:58:06,545 - OrquestradorBTG - INFO - ================================================================================
2025-04-13 23:58:06,545 - OrquestradorBTG - INFO - RESUMO DE MÉTRICAS DO PROCESSAMENTO
2025-04-13 23:58:06,545 - OrquestradorBTG - INFO - ================================================================================
2025-04-13 23:58:06,545 - OrquestradorBTG - INFO - Tipo: CARTEIRA
2025-04-13 23:58:06,545 - OrquestradorBTG - INFO - Data de Referência: 2025-04-11
2025-04-13 23:58:06,545 - OrquestradorBTG - INFO - Extração - Total de Fundos: 0
2025-04-13 23:58:06,545 - OrquestradorBTG - INFO - Processamento - Total de Registros: 0
2025-04-13 23:58:06,545 - OrquestradorBTG - INFO - ----------------------------------------
2025-04-13 23:58:06,545 - OrquestradorBTG - INFO - ================================================================================
2025-04-13 23:58:16,483 - OrquestradorBTG - INFO - ================================================================================
2025-04-13 23:58:16,484 - OrquestradorBTG - INFO - INICIANDO ORQUESTRADOR BTG ETL
2025-04-13 23:58:16,484 - OrquestradorBTG - INFO - Tipo: carteira
2025-04-13 23:58:16,484 - OrquestradorBTG - INFO - Data: 2025-04-10
2025-04-13 23:58:16,484 - OrquestradorBTG - INFO - ================================================================================
2025-04-13 23:58:16,484 - OrquestradorBTG - INFO - ==================================================
2025-04-13 23:58:16,484 - OrquestradorBTG - INFO - INICIANDO PROCESSAMENTO DE CARTEIRA DIÁRIA
2025-04-13 23:58:16,484 - OrquestradorBTG - INFO - ==================================================
2025-04-13 23:58:16,484 - OrquestradorBTG - INFO - Executando: python C:\Users\atrindade\Desktop\SCRIPTS ETL\btg_etl_project\apis\api_faas_portfolio.py --date 2025-04-10
2025-04-13 23:59:00,621 - OrquestradorBTG - INFO - Comando executado com sucesso
2025-04-13 23:59:00,621 - OrquestradorBTG - INFO - MÉTRICA: Total de fundos processados: 36
2025-04-13 23:59:00,621 - OrquestradorBTG - INFO - Utilizando diretório de dados: F:/12. Carteira Diária/BTG/2025/04 Abril\10.04
2025-04-13 23:59:00,816 - OrquestradorBTG - INFO - MÉTRICA: Encontrados 36 arquivos XLSX para processamento
2025-04-13 23:59:00,816 - OrquestradorBTG - INFO - Executando: python C:\Users\atrindade\Desktop\SCRIPTS ETL\btg_etl_project\insert_db\insert_carteira.py F:/12. Carteira Diária/BTG/2025/04 Abril\10.04 --auto
2025-04-14 00:02:21,138 - OrquestradorBTG - INFO - Comando executado com sucesso
2025-04-14 00:02:21,139 - OrquestradorBTG - INFO - MÉTRICA: Tempo de execução: 38.37 segundos
2025-04-14 00:02:21,139 - OrquestradorBTG - INFO - MÉTRICA: Total de fundos processados: 36
2025-04-14 00:02:21,139 - OrquestradorBTG - INFO - MÉTRICA: Total de registros processados: 325
2025-04-14 00:02:21,140 - OrquestradorBTG - INFO - MÉTRICA: Total de registros processados: 325
2025-04-14 00:02:21,140 - OrquestradorBTG - INFO - MÉTRICA: Tempo de execução: 7.71 segundos
2025-04-14 00:02:21,140 - OrquestradorBTG - INFO - MÉTRICA: Tempo de execução: 199.28 segundos
2025-04-14 00:02:21,140 - OrquestradorBTG - INFO - ==================================================
2025-04-14 00:02:21,140 - OrquestradorBTG - INFO - PROCESSAMENTO DE CARTEIRA CONCLUÍDO COM SUCESSO
2025-04-14 00:02:21,140 - OrquestradorBTG - INFO - - Data de Referência: 2025-04-10
2025-04-14 00:02:21,141 - OrquestradorBTG - INFO - - Total de Fundos: 36
2025-04-14 00:02:21,141 - OrquestradorBTG - INFO - - Total de Registros Processados: 325
2025-04-14 00:02:21,141 - OrquestradorBTG - INFO - ==================================================
2025-04-14 00:02:21,141 - OrquestradorBTG - INFO - ================================================================================
2025-04-14 00:02:21,141 - OrquestradorBTG - INFO - RESUMO DE MÉTRICAS DO PROCESSAMENTO
2025-04-14 00:02:21,141 - OrquestradorBTG - INFO - ================================================================================
2025-04-14 00:02:21,141 - OrquestradorBTG - INFO - Tipo: CARTEIRA
2025-04-14 00:02:21,141 - OrquestradorBTG - INFO - Data de Referência: 2025-04-10
2025-04-14 00:02:21,142 - OrquestradorBTG - INFO - Extração - Total de Fundos: 36
2025-04-14 00:02:21,142 - OrquestradorBTG - INFO - Processamento - Total de Registros: 325
2025-04-14 00:02:21,142 - OrquestradorBTG - INFO - ----------------------------------------
2025-04-14 00:02:21,142 - OrquestradorBTG - INFO - ================================================================================
2025-04-14 00:02:21,142 - OrquestradorBTG - INFO - ORQUESTRADOR BTG ETL FINALIZADO - Status: SUCESSO
2025-04-14 00:02:21,142 - OrquestradorBTG - INFO - ================================================================================
